<?xml version="1.0" encoding="UTF-8"?>
<!-- Generated by org.testng.reporters.JUnitReportReporter -->
<testsuite skipped="0" hostname="Puja_PC" name="gmail.Gmail" tests="1" failures="0" timestamp="12 Mar 2020 13:09:17 GMT" time="9.180" errors="0">
  <testcase name="openmail" time="9.180" classname="gmail.Gmail"/>
</testsuite> <!-- gmail.Gmail -->
