<?xml version="1.0" encoding="UTF-8"?>
<!-- Generated by org.testng.reporters.JUnitReportReporter -->
<testsuite skipped="0" hostname="Puja_PC" name="changeWebpageText.TextChange" tests="1" failures="0" timestamp="26 Mar 2020 16:35:56 GMT" time="9.068" errors="0">
  <testcase name="openmail" time="9.068" classname="changeWebpageText.TextChange"/>
</testsuite> <!-- changeWebpageText.TextChange -->
