<?xml version="1.0" encoding="UTF-8"?>
<!-- Generated by org.testng.reporters.JUnitReportReporter -->
<testsuite skipped="0" hostname="Puja_PC" name="dropdown.DropdownHandle" tests="1" failures="0" timestamp="14 Mar 2020 05:46:18 GMT" time="12.381" errors="0">
  <testcase name="Testcase1" time="12.381" classname="dropdown.DropdownHandle"/>
</testsuite> <!-- dropdown.DropdownHandle -->
