<?xml version="1.0" encoding="UTF-8"?>
<!-- Generated by org.testng.reporters.JUnitReportReporter -->
<testsuite skipped="0" hostname="Puja_PC" name="jupyter_toys.JupyterToys" tests="4" failures="0" timestamp="30 Mar 2020 13:38:08 GMT" time="39.233" errors="0">
  <testcase name="Testcase2" time="19.174" classname="jupyter_toys.JupyterToys"/>
  <testcase name="Testcase1" time="16.564" classname="jupyter_toys.JupyterToys"/>
  <testcase name="Testcase4" time="3.145" classname="jupyter_toys.JupyterToys"/>
  <testcase name="Testcase3" time="0.350" classname="jupyter_toys.JupyterToys"/>
</testsuite> <!-- jupyter_toys.JupyterToys -->
