<?xml version="1.0" encoding="UTF-8"?>
<!-- Generated by org.testng.reporters.JUnitReportReporter -->
<testsuite skipped="0" hostname="Puja_PC" name="jupyter_toys.JupyterToys" tests="4" failures="0" timestamp="22 Mar 2020 03:37:01 GMT" time="28.971" errors="0">
  <testcase name="Testcase2" time="3.291" classname="jupyter_toys.JupyterToys"/>
  <testcase name="Testcase4" time="3.077" classname="jupyter_toys.JupyterToys"/>
  <testcase name="Testcase1" time="22.204" classname="jupyter_toys.JupyterToys"/>
  <testcase name="Testcase3" time="0.399" classname="jupyter_toys.JupyterToys"/>
</testsuite> <!-- jupyter_toys.JupyterToys -->
