<?xml version="1.0" encoding="UTF-8"?>
<!-- Generated by org.testng.reporters.JUnitReportReporter -->
<testsuite skipped="0" hostname="Puja_PC" name="screensort.CaptureScreensc" tests="1" failures="0" timestamp="15 Mar 2020 10:14:54 GMT" time="17.426" errors="0">
  <testcase name="Testcase1" time="17.426" classname="screensort.CaptureScreensc"/>
</testsuite> <!-- screensort.CaptureScreensc -->
