<?xml version="1.0" encoding="UTF-8"?>
<!-- Generated by org.testng.reporters.JUnitReportReporter -->
<testsuite skipped="0" hostname="Puja_PC" name="jupyter_toys.FreeText" tests="1" failures="0" timestamp="25 Mar 2020 12:08:02 GMT" time="7.931" errors="0">
  <testcase name="freetext" time="7.931" classname="jupyter_toys.FreeText"/>
</testsuite> <!-- jupyter_toys.FreeText -->
