<?xml version="1.0" encoding="UTF-8"?>
<!-- Generated by org.testng.reporters.JUnitReportReporter -->
<testsuite skipped="0" hostname="Puja_PC" name="excelReadWrite.ReadWrite" tests="1" failures="0" timestamp="02 Apr 2020 06:11:47 GMT" time="1.243" errors="0">
  <testcase name="readWriteDataFromExcel" time="1.243" classname="excelReadWrite.ReadWrite"/>
</testsuite> <!-- excelReadWrite.ReadWrite -->
