<?xml version="1.0" encoding="UTF-8"?>
<!-- Generated by org.testng.reporters.JUnitReportReporter -->
<testsuite skipped="0" hostname="Puja_PC" name="redbus.Redbus" tests="1" failures="0" timestamp="27 Mar 2020 17:42:36 GMT" time="8.978" errors="0">
  <testcase name="errorMessage" time="8.978" classname="redbus.Redbus"/>
</testsuite> <!-- redbus.Redbus -->
