<?xml version="1.0" encoding="UTF-8"?>
<!-- Generated by org.testng.reporters.JUnitReportReporter -->
<testsuite skipped="0" hostname="Puja_PC" name="seleniumSession.FirstClassTestNG" tests="3" failures="0" timestamp="01 Mar 2020 10:53:17 GMT" time="9.029" errors="0">
  <testcase name="tearDown" time="1.140" classname="seleniumSession.FirstClassTestNG"/>
  <testcase name="main" time="7.840" classname="seleniumSession.FirstClassTestNG"/>
  <testcase name="name" time="0.049" classname="seleniumSession.FirstClassTestNG"/>
</testsuite> <!-- seleniumSession.FirstClassTestNG -->
