<?xml version="1.0" encoding="UTF-8"?>
<!-- Generated by org.testng.reporters.JUnitReportReporter -->
<testsuite skipped="0" hostname="Puja_PC" name="jupyter_toys.SumOfFreeText" tests="1" failures="0" timestamp="25 Mar 2020 12:10:52 GMT" time="11.219" errors="0">
  <testcase name="freetext" time="11.219" classname="jupyter_toys.SumOfFreeText"/>
</testsuite> <!-- jupyter_toys.SumOfFreeText -->
