<?xml version="1.0" encoding="UTF-8"?>
<!-- Generated by org.testng.reporters.JUnitReportReporter -->
<testsuite skipped="0" hostname="Puja_PC" name="changeWebpageText.CoronaTextChange" tests="1" failures="0" timestamp="26 Mar 2020 17:07:32 GMT" time="9.699" errors="0">
  <testcase name="openmail" time="9.699" classname="changeWebpageText.CoronaTextChange"/>
</testsuite> <!-- changeWebpageText.CoronaTextChange -->
