<?xml version="1.0" encoding="UTF-8"?>
<!-- Generated by org.testng.reporters.JUnitReportReporter -->
<testsuite skipped="0" hostname="Puja_PC" name="linkedin.Linkedin" tests="2" failures="0" timestamp="12 Mar 2020 13:08:17 GMT" time="7.896" errors="0">
  <testcase name="errorpassword" time="0.270" classname="linkedin.Linkedin"/>
  <testcase name="erroremail" time="7.626" classname="linkedin.Linkedin"/>
</testsuite> <!-- linkedin.Linkedin -->
