<?xml version="1.0" encoding="UTF-8"?>
<!-- Generated by org.testng.reporters.JUnitReportReporter -->
<testsuite skipped="0" hostname="Puja_PC" name="seleniumSession.RahulShetty" tests="1" failures="0" timestamp="07 Mar 2020 10:20:34 GMT" time="7.239" errors="0">
  <testcase name="name" time="7.239" classname="seleniumSession.RahulShetty"/>
</testsuite> <!-- seleniumSession.RahulShetty -->
