<?xml version="1.0" encoding="UTF-8"?>
<!-- Generated by org.testng.reporters.JUnitReportReporter -->
<testsuite skipped="0" hostname="Puja_PC" name="facebook.FacebookClass" tests="1" failures="0" timestamp="11 Mar 2020 21:21:29 GMT" time="8.946" errors="0">
  <testcase name="errorMessage" time="8.946" classname="facebook.FacebookClass"/>
</testsuite> <!-- facebook.FacebookClass -->
