<?xml version="1.0" encoding="UTF-8"?>
<!-- Generated by org.testng.reporters.JUnitReportReporter -->
<testsuite skipped="0" hostname="Puja_PC" name="jupyter_toys.Fortest" tests="1" failures="0" timestamp="28 Mar 2020 06:03:24 GMT" time="14.000" errors="0">
  <testcase name="Testcase1" time="14.000" classname="jupyter_toys.Fortest"/>
</testsuite> <!-- jupyter_toys.Fortest -->
