<?xml version="1.0" encoding="UTF-8"?>
<!-- Generated by org.testng.reporters.JUnitReportReporter -->
<testsuite skipped="0" hostname="Gaurav-PC" name="assignment.Assignment1" tests="2" failures="0" timestamp="23 Mar 2020 11:48:40 GMT" time="35.492" errors="0">
  <testcase name="testcase1" time="27.063" classname="assignment.Assignment1"/>
  <testcase name="testCase4" time="8.429" classname="assignment.Assignment1"/>
</testsuite> <!-- assignment.Assignment1 -->
