<?xml version="1.0" encoding="UTF-8"?>
<!-- Generated by org.testng.reporters.JUnitReportReporter -->
<testsuite skipped="0" hostname="Gaurav-PC" name="assignment.Assignment4" tests="1" failures="0" timestamp="28 Mar 2020 05:26:48 GMT" time="40.610" errors="0">
  <testcase name="testcase1" time="40.610" classname="assignment.Assignment4"/>
</testsuite> <!-- assignment.Assignment4 -->
