<?xml version="1.0" encoding="UTF-8"?>
<!-- Generated by org.testng.reporters.JUnitReportReporter -->
<testsuite skipped="0" hostname="Gaurav-PC" name="facebook.FacebookClass2" tests="1" failures="0" timestamp="23 Mar 2020 12:21:54 GMT" time="91.783" errors="0">
  <testcase name="errorMessage" time="91.783" classname="facebook.FacebookClass2"/>
</testsuite> <!-- facebook.FacebookClass2 -->
