<?xml version="1.0" encoding="UTF-8"?>
<!-- Generated by org.testng.reporters.JUnitReportReporter -->
<testsuite skipped="0" hostname="Gaurav-PC" name="facebook.FacebookClass" tests="5" failures="0" timestamp="08 Mar 2020 11:23:07 GMT" time="36.381" errors="0">
  <testcase name="errorMessage" time="28.899" classname="facebook.FacebookClass"/>
  <testcase name="validmobilenumber" time="0.261" classname="facebook.FacebookClass"/>
  <testcase name="password" time="0.270" classname="facebook.FacebookClass"/>
  <testcase name="logIn" time="5.911" classname="facebook.FacebookClass"/>
  <testcase name="radioButton" time="1.040" classname="facebook.FacebookClass"/>
</testsuite> <!-- facebook.FacebookClass -->
