<?xml version="1.0" encoding="UTF-8"?>
<!-- Generated by org.testng.reporters.JUnitReportReporter -->
<testsuite skipped="0" hostname="Gaurav-PC" name="assignment.Assignment3" tests="1" failures="0" timestamp="25 Mar 2020 13:17:11 GMT" time="81.813" errors="0">
  <testcase name="testcase1" time="81.813" classname="assignment.Assignment3"/>
</testsuite> <!-- assignment.Assignment3 -->
