<?xml version="1.0" encoding="UTF-8"?>
<!-- Generated by org.testng.reporters.JUnitReportReporter -->
<testsuite skipped="0" hostname="Gaurav-PC" name="assignment.Assignment2" tests="1" failures="0" timestamp="14 Mar 2020 15:23:47 GMT" time="23.642" errors="0">
  <testcase name="testCase1" time="23.642" classname="assignment.Assignment2"/>
</testsuite> <!-- assignment.Assignment2 -->
